# JRE version: OpenJDK Runtime Environment (8.0_152-b01) (build 1.8.0_152-release-1248-b01)
# Java VM: OpenJDK 64-Bit Server VM (25.152-b01 mixed mode windows-amd64 compressed oops)
Heap:
 PSYoungGen      total 425472K, used 136511K [0x00000000e0000000, 0x00000000ffa00000, 0x0000000100000000)
  eden space 403456K, 28% used [0x00000000e0000000,0x00000000e6ffb870,0x00000000f8a00000)
  from space 22016K, 99% used [0x00000000f8a00000,0x00000000f9f545d0,0x00000000f9f80000)
  to   space 56320K, 0% used [0x00000000fc300000,0x00000000fc300000,0x00000000ffa00000)
 ParOldGen       total 242688K, used 188133K [0x00000000a0000000, 0x00000000aed00000, 0x00000000e0000000)
  object space 242688K, 77% used [0x00000000a0000000,0x00000000ab7b97d0,0x00000000aed00000)
 Metaspace       used 99217K, capacity 102766K, committed 102960K, reserved 1138688K
  class space    used 12741K, capacity 13588K, committed 13616K, reserved 1048576K
GC Heap History (10 events):
Event: 25.394 GC heap before
{Heap before GC invocations=21 (full 4):
 PSYoungGen      total 312832K, used 36856K [0x00000000e0000000, 0x00000000fce00000, 0x0000000100000000)
  eden space 275968K, 0% used [0x00000000e0000000,0x00000000e0000000,0x00000000f0d80000)
  from space 36864K, 99% used [0x00000000f0d80000,0x00000000f317e298,0x00000000f3180000)
  to   space 63488K, 0% used [0x00000000f9000000,0x00000000f9000000,0x00000000fce00000)
 ParOldGen       total 126464K, used 126038K [0x00000000a0000000, 0x00000000a7b80000, 0x00000000e0000000)
  object space 126464K, 99% used [0x00000000a0000000,0x00000000a7b15ba8,0x00000000a7b80000)
 Metaspace       used 80752K, capacity 82994K, committed 83248K, reserved 1122304K
  class space    used 10675K, capacity 11282K, committed 11312K, reserved 1048576K
Event: 26.195 GC heap after
Heap after GC invocations=21 (full 4):
 PSYoungGen      total 312832K, used 12186K [0x00000000e0000000, 0x00000000fce00000, 0x0000000100000000)
  eden space 275968K, 0% used [0x00000000e0000000,0x00000000e0000000,0x00000000f0d80000)
  from space 36864K, 33% used [0x00000000f0d80000,0x00000000f1966ae8,0x00000000f3180000)
  to   space 63488K, 0% used [0x00000000f9000000,0x00000000f9000000,0x00000000fce00000)
 ParOldGen       total 242688K, used 126128K [0x00000000a0000000, 0x00000000aed00000, 0x00000000e0000000)
  object space 242688K, 51% used [0x00000000a0000000,0x00000000a7b2c1e8,0x00000000aed00000)
 Metaspace       used 80752K, capacity 82994K, committed 83248K, reserved 1122304K
  class space    used 10675K, capacity 11282K, committed 11312K, reserved 1048576K
}
Event: 27.176 GC heap before
{Heap before GC invocations=22 (full 4):
 PSYoungGen      total 312832K, used 288154K [0x00000000e0000000, 0x00000000fce00000, 0x0000000100000000)
  eden space 275968K, 100% used [0x00000000e0000000,0x00000000f0d80000,0x00000000f0d80000)
  from space 36864K, 33% used [0x00000000f0d80000,0x00000000f1966ae8,0x00000000f3180000)
  to   space 63488K, 0% used [0x00000000f9000000,0x00000000f9000000,0x00000000fce00000)
 ParOldGen       total 242688K, used 126128K [0x00000000a0000000, 0x00000000aed00000, 0x00000000e0000000)
  object space 242688K, 51% used [0x00000000a0000000,0x00000000a7b2c1e8,0x00000000aed00000)
 Metaspace       used 80919K, capacity 83202K, committed 83504K, reserved 1122304K
  class space    used 10675K, capacity 11282K, committed 11312K, reserved 1048576K
Event: 27.248 GC heap after
Heap after GC invocations=22 (full 4):
 PSYoungGen      total 392192K, used 2624K [0x00000000e0000000, 0x00000000fc480000, 0x0000000100000000)
  eden space 338432K, 0% used [0x00000000e0000000,0x00000000e0000000,0x00000000f4a80000)
  from space 53760K, 4% used [0x00000000f9000000,0x00000000f9290000,0x00000000fc480000)
  to   space 62464K, 0% used [0x00000000f4a80000,0x00000000f4a80000,0x00000000f8780000)
 ParOldGen       total 242688K, used 138407K [0x00000000a0000000, 0x00000000aed00000, 0x00000000e0000000)
  object space 242688K, 57% used [0x00000000a0000000,0x00000000a8729fd0,0x00000000aed00000)
 Metaspace       used 80919K, capacity 83202K, committed 83504K, reserved 1122304K
  class space    used 10675K, capacity 11282K, committed 11312K, reserved 1048576K
}
Event: 29.511 GC heap before
{Heap before GC invocations=23 (full 4):
 PSYoungGen      total 392192K, used 341056K [0x00000000e0000000, 0x00000000fc480000, 0x0000000100000000)
  eden space 338432K, 100% used [0x00000000e0000000,0x00000000f4a80000,0x00000000f4a80000)
  from space 53760K, 4% used [0x00000000f9000000,0x00000000f9290000,0x00000000fc480000)
  to   space 62464K, 0% used [0x00000000f4a80000,0x00000000f4a80000,0x00000000f8780000)
 ParOldGen       total 242688K, used 138407K [0x00000000a0000000, 0x00000000aed00000, 0x00000000e0000000)
  object space 242688K, 57% used [0x00000000a0000000,0x00000000a8729fd0,0x00000000aed00000)
 Metaspace       used 82603K, capacity 84990K, committed 85168K, reserved 1122304K
  class space    used 10777K, capacity 11424K, committed 11440K, reserved 1048576K
Event: 29.584 GC heap after
Heap after GC invocations=23 (full 4):
 PSYoungGen      total 400896K, used 19918K [0x00000000e0000000, 0x0000000100000000, 0x0000000100000000)
  eden space 338432K, 0% used [0x00000000e0000000,0x00000000e0000000,0x00000000f4a80000)
  from space 62464K, 31% used [0x00000000f4a80000,0x00000000f5df3b30,0x00000000f8780000)
  to   space 58368K, 0% used [0x00000000fc700000,0x00000000fc700000,0x0000000100000000)
 ParOldGen       total 242688K, used 140943K [0x00000000a0000000, 0x00000000aed00000, 0x00000000e0000000)
  object space 242688K, 58% used [0x00000000a0000000,0x00000000a89a3fd0,0x00000000aed00000)
 Metaspace       used 82603K, capacity 84990K, committed 85168K, reserved 1122304K
  class space    used 10777K, capacity 11424K, committed 11440K, reserved 1048576K
}
Event: 33.694 GC heap before
{Heap before GC invocations=24 (full 4):
 PSYoungGen      total 400896K, used 358350K [0x00000000e0000000, 0x0000000100000000, 0x0000000100000000)
  eden space 338432K, 100% used [0x00000000e0000000,0x00000000f4a80000,0x00000000f4a80000)
  from space 62464K, 31% used [0x00000000f4a80000,0x00000000f5df3b30,0x00000000f8780000)
  to   space 58368K, 0% used [0x00000000fc700000,0x00000000fc700000,0x0000000100000000)
 ParOldGen       total 242688K, used 140943K [0x00000000a0000000, 0x00000000aed00000, 0x00000000e0000000)
  object space 242688K, 58% used [0x00000000a0000000,0x00000000a89a3fd0,0x00000000aed00000)
 Metaspace       used 84000K, capacity 86334K, committed 86576K, reserved 1124352K
  class space    used 10849K, capacity 11488K, committed 11568K, reserved 1048576K
Event: 33.766 GC heap after
Heap after GC invocations=24 (full 4):
 PSYoungGen      total 461824K, used 35121K [0x00000000e0000000, 0x0000000100000000, 0x0000000100000000)
  eden space 403456K, 0% used [0x00000000e0000000,0x00000000e0000000,0x00000000f8a00000)
  from space 58368K, 60% used [0x00000000fc700000,0x00000000fe94c6f0,0x0000000100000000)
  to   space 60416K, 0% used [0x00000000f8a00000,0x00000000f8a00000,0x00000000fc500000)
 ParOldGen       total 242688K, used 157639K [0x00000000a0000000, 0x00000000aed00000, 0x00000000e0000000)
  object space 242688K, 64% used [0x00000000a0000000,0x00000000a99f1c18,0x00000000aed00000)
 Metaspace       used 84000K, capacity 86334K, committed 86576K, reserved 1124352K
  class space    used 10849K, capacity 11488K, committed 11568K, reserved 1048576K
}
Event: 40.509 GC heap before
{Heap before GC invocations=25 (full 4):
 PSYoungGen      total 461824K, used 438577K [0x00000000e0000000, 0x0000000100000000, 0x0000000100000000)
  eden space 403456K, 100% used [0x00000000e0000000,0x00000000f8a00000,0x00000000f8a00000)
  from space 58368K, 60% used [0x00000000fc700000,0x00000000fe94c6f0,0x0000000100000000)
  to   space 60416K, 0% used [0x00000000f8a00000,0x00000000f8a00000,0x00000000fc500000)
 ParOldGen       total 242688K, used 157639K [0x00000000a0000000, 0x00000000aed00000, 0x00000000e0000000)
  object space 242688K, 64% used [0x00000000a0000000,0x00000000a99f1c18,0x00000000aed00000)
 Metaspace       used 94738K, capacity 98020K, committed 98096K, reserved 1134592K
  class space    used 12226K, capacity 13047K, committed 13104K, reserved 1048576K
Event: 40.571 GC heap after
Heap after GC invocations=25 (full 4):
 PSYoungGen      total 425472K, used 21841K [0x00000000e0000000, 0x00000000ffa00000, 0x0000000100000000)
  eden space 403456K, 0% used [0x00000000e0000000,0x00000000e0000000,0x00000000f8a00000)
  from space 22016K, 99% used [0x00000000f8a00000,0x00000000f9f545d0,0x00000000f9f80000)
  to   space 56320K, 0% used [0x00000000fc300000,0x00000000fc300000,0x00000000ffa00000)
 ParOldGen       total 242688K, used 188133K [0x00000000a0000000, 0x00000000aed00000, 0x00000000e0000000)
  object space 242688K, 77% used [0x00000000a0000000,0x00000000ab7b97d0,0x00000000aed00000)
 Metaspace       used 94738K, capacity 98020K, committed 98096K, reserved 1134592K
  class space    used 12226K, capacity 13047K, committed 13104K, reserved 1048576K
}

